# 7.2s user time, 180ms system time, 39.61M rss, 4.12G vsz
# Current date: Thu Aug  1 19:15:10 2019
# Hostname: nezumikozo.local
# Files: /Users/zhaoshu/Documents/workspace/cemis-spring-boot-service/log/db-slow.log
# Overall: 22.89k total, 882 unique, 0.05 QPS, 0.00x concurrency _________
# Time range: 2019-07-26 14:23:45 to 2019-08-01 11:15:34
# Attribute          total     min     max     avg     95%  stddev  median
# ============     ======= ======= ======= ======= ======= ======= =======
# Exec time           684s       0     94s    30ms    51ms   677ms     1ms
# Lock time             3s       0   338ms   138us     1ms     3ms       0
# Rows sent        749.67k       0  70.95k   33.53   49.17  999.28    0.99
# Rows examine      12.98M       0  70.95k  594.52  685.39   3.99k   46.83
# Query size        19.12M      20   3.71k  875.90   2.76k  786.47  793.42

# Profile
# Rank Query ID                     Response time  Calls R/Call  V/M   Ite
# ==== ============================ ============== ===== ======= ===== ===
#    1 0xED570351487F243AD60C0B1... 339.1505 49.6%   459  0.7389  0.68 SELECT AH_CASE_INFO AW_ENDORSE_BUSINESS USERS
#    2 0x4105234D19B8D15D6836F8A...  93.8790 13.7%     1 93.8790  0.00 SELECT t_leader_message
#    3 0x88E962FD0E55F2414C28A43...  36.1116  5.3%   456  0.0792  0.01 SELECT AH_CASE_INFO AW_ENDORSE_BUSINESS USERS
#    4 0x4670C91E56AB283CB71A149...  28.8404  4.2%     1 28.8404  0.00 SELECT gg_zft_login
#    5 0x3AA4E8775D2AF2BE434FFFC...  13.1217  1.9%     1 13.1217  0.00 SELECT app_permission_account
#    6 0x83A81E68FE6CCB29329B3D8...  11.8722  1.7%   281  0.0422  0.00 SELECT information_schema.PARTITIONS
#    7 0xF499FA76CE67ABE998FBD98...  10.8307  1.6%     1 10.8307  0.00 SELECT act_hi_actinst
#    8 0xD1A991288CE6A05F259A0AC...  10.0202  1.5%    38  0.2637  3.80 SELECT APN_NOTIFICATION
#    9 0x320D8764B22A1F3DCBD633D...   8.2190  1.2%     1  8.2190  0.00 SELECT svm_locus
#   10 0x02A599F39C3B3F3C667BCB7...   8.0901  1.2%     1  8.0901  0.00 SELECT aw_endorse_record
#   11 0x881A7A4E76B154B0EAE59B6...   7.6756  1.1%  1934  0.0040  0.00 SELECT sys_menu sys_role_menu roles user_role users
#   12 0xBDA1FDF0B76708020FA52C1...   7.6257  1.1%     1  7.6257  0.00 SELECT history_task
#   13 0x7F9EF75023A0F84FAC3F255...   7.5935  1.1%   124  0.0612  0.00 SELECT AH_CASE_INFO AW_ENDORSE_BUSINESS
#   14 0x1DED283C636909623D8BB98...   6.4964  0.9%     1  6.4964  0.00 SELECT administration_data
#   15 0xE3C753C2F267B2D767A347A...   4.2142  0.6%   240  0.0176  0.34 SELECT sys_user_menu
#   16 0x748E418E684C0F73C432849...   3.8510  0.6%     1  3.8510  0.00 SELECT act_hi_varinst
#   17 0xB08C56CFB37CCAFAD211B9D...   3.8266  0.6%    96  0.0399  0.00 SELECT APN_NOTIFICATION
#   18 0xC21C5521312DCF782EA10AB...   3.7587  0.5%   794  0.0047  0.09 SELECT APP_ROLE_RESOURCE RESOURCES APP_SYSTEM sys_menu APP_UNIT_RESOURCE RESOURCES UNIT
#   19 0x0DFB28998E3F83AA40F734A...   3.2240  0.5%     1  3.2240  0.00 SELECT act_hi_taskinst
#   20 0x4314471533FDE00A2FB695D...   3.2152  0.5%     1  3.2152  0.00 SELECT act_ru_variable
# MISC 0xMISC                        72.2880 10.6% 18459  0.0039   0.0 <862 ITEMS>

# Query 1: 0.00 QPS, 0.00x concurrency, ID 0xED570351487F243AD60C0B1FF34C2770 at byte 11481041
# This item is included in the report because it matches --limit.
# Scores: V/M = 0.68
# Time range: 2019-07-26 14:39:17 to 2019-08-01 11:13:15
# Attribute    pct   total     min     max     avg     95%  stddev  median
# ============ === ======= ======= ======= ======= ======= ======= =======
# Count          2     459
# Exec time     49    339s   186ms      5s   739ms      2s   707ms   640ms
# Lock time     10   347ms       0   338ms   756us       0    15ms       0
# Rows sent      0   4.04k       4      19    9.01   16.81    3.71    7.70
# Rows examine   0  20.78k      36      61   46.35   56.92    5.15   46.83
# Query size     2 570.79k   1.23k   1.25k   1.24k   1.20k       0   1.20k
# String:
# Databases    libowenv3
# Hosts        192.168.0.75
# Users        root
# Query_time distribution
#   1us
#  10us
# 100us
#   1ms
#  10ms
# 100ms  ################################################################
#    1s  ######
#  10s+
# Tables
#    SHOW TABLE STATUS FROM `libowenv3` LIKE 'AH_CASE_INFO'\G
#    SHOW CREATE TABLE `libowenv3`.`AH_CASE_INFO`\G
#    SHOW TABLE STATUS FROM `libowenv3` LIKE 'AW_ENDORSE_BUSINESS'\G
#    SHOW CREATE TABLE `libowenv3`.`AW_ENDORSE_BUSINESS`\G
#    SHOW TABLE STATUS FROM `libowenv3` LIKE 'USERS'\G
#    SHOW CREATE TABLE `libowenv3`.`USERS`\G
# EXPLAIN /*!50100 PARTITIONS*/
select distinct caseinfo0_.ID as col_0_0_, caseinfo0_.CODE as col_1_0_, caseinfo0_.CASE_SOURCE as col_2_0_, caseinfo0_.ACTION_CAUSE as col_3_0_, caseinfo0_.ACCEPT_TIME as col_4_0_, caseinfo0_.NAME as col_5_0_, caseinfo0_.CASE_DOMAIN as col_6_0_, caseinfo0_.CASE_STATUS as col_7_0_, caseinfo0_.CASE_NAME as col_8_0_, caseinfo0_.LITIGANT as col_9_0_, caseinfo0_.UNIT_NAME as col_10_0_ from AH_CASE_INFO caseinfo0_ cross join AW_ENDORSE_BUSINESS endorsebus1_ cross join USERS user2_ where 1=1 and (caseinfo0_.ID=endorsebus1_.BUSINESS_ID or caseinfo0_.INNER_NODE_ID is null) and caseinfo0_.DEL_FLAG='0' and (1=1 and (caseinfo0_.INNER_NODE_ID is null) or (endorsebus1_.NODE_CODE in ('caseAccept' , 'registerCase' , 'turnCase' , 'notRegisterCase' , 'investigation' , 'punishNotify' , 'presentArgue' , 'applyHearing' , 'approvalHearing' , 'noticeHearing' , 'holdHearing' , 'punishDecision' , 'punishPerform' , 'applyEnforce' , 'closeCase')) and (endorsebus1_.ROLE_CODE in ('ROLE_0005' , 'ROLE_0004' , 'ROLE_0002' , 'ROLE_0003' , 'ROLE_0006') or endorsebus1_.ASSIGN_USER='07991c24311f4e8b835afacd15c0e891')) and caseinfo0_.c_create_unit_code='0010002' and (caseinfo0_.c_belond_depart_code like '001000200080008%') order by caseinfo0_.UPDATE_DATE desc, caseinfo0_.CODE asc limit 2147483647\G

# Query 2: 0 QPS, 0x concurrency, ID 0x4105234D19B8D15D6836F8AA95E32120 at byte 2083099
# This item is included in the report because it matches --limit.
# Scores: V/M = 0.00
# Time range: all events occurred at 2019-07-26 15:38:06
# Attribute    pct   total     min     max     avg     95%  stddev  median
# ============ === ======= ======= ======= ======= ======= ======= =======
# Count          0       1
# Exec time     13     94s     94s     94s     94s     94s       0     94s
# Lock time      0       0       0       0       0       0       0       0
# Rows sent      4  32.11k  32.11k  32.11k  32.11k  32.11k       0  32.11k
# Rows examine   0  32.11k  32.11k  32.11k  32.11k  32.11k       0  32.11k
# Query size     0      32      32      32      32      32       0      32
# String:
# Databases    cemis-qj
# Hosts        localhost
# Users        root
# Query_time distribution
#   1us
#  10us
# 100us
#   1ms
#  10ms
# 100ms
#    1s
#  10s+  ################################################################
# Tables
#    SHOW TABLE STATUS FROM `cemis-qj` LIKE 't_leader_message'\G
#    SHOW CREATE TABLE `cemis-qj`.`t_leader_message`\G
# EXPLAIN /*!50100 PARTITIONS*/
SELECT * FROM `t_leader_message`\G

# Query 3: 0.00 QPS, 0.00x concurrency, ID 0x88E962FD0E55F2414C28A43838B44990 at byte 7660530
# This item is included in the report because it matches --limit.
# Scores: V/M = 0.01
# Time range: 2019-07-26 14:39:17 to 2019-08-01 11:13:15
# Attribute    pct   total     min     max     avg     95%  stddev  median
# ============ === ======= ======= ======= ======= ======= ======= =======
# Count          1     456
# Exec time      5     36s    34ms   393ms    79ms    95ms    23ms    82ms
# Lock time      0    10ms       0     1ms    21us       0   170us       0
# Rows sent      0     456       1       1       1       1       0       1
# Rows examine   0  10.24k      23      23      23      23       0      23
# Query size     1 387.87k     871     871     871     871       0     871
# String:
# Databases    libowenv3
# Hosts        192.168.0.75
# Users        root
# Query_time distribution
#   1us
#  10us
# 100us
#   1ms
#  10ms  ################################################################
# 100ms  #####
#    1s
#  10s+
# Tables
#    SHOW TABLE STATUS FROM `libowenv3` LIKE 'AH_CASE_INFO'\G
#    SHOW CREATE TABLE `libowenv3`.`AH_CASE_INFO`\G
#    SHOW TABLE STATUS FROM `libowenv3` LIKE 'AW_ENDORSE_BUSINESS'\G
#    SHOW CREATE TABLE `libowenv3`.`AW_ENDORSE_BUSINESS`\G
#    SHOW TABLE STATUS FROM `libowenv3` LIKE 'USERS'\G
#    SHOW CREATE TABLE `libowenv3`.`USERS`\G
# EXPLAIN /*!50100 PARTITIONS*/
select count(distinct caseinfo0_.ID) as col_0_0_ from AH_CASE_INFO caseinfo0_ cross join AW_ENDORSE_BUSINESS endorsebus1_ cross join USERS user2_ where 1=1 and (caseinfo0_.ID=endorsebus1_.BUSINESS_ID or caseinfo0_.INNER_NODE_ID is null) and caseinfo0_.DEL_FLAG='0' and (1=1 and (caseinfo0_.INNER_NODE_ID is null) or (endorsebus1_.NODE_CODE in ('caseAccept' , 'registerCase' , 'turnCase' , 'notRegisterCase' , 'investigation' , 'punishNotify' , 'presentArgue' , 'applyHearing' , 'approvalHearing' , 'noticeHearing' , 'holdHearing' , 'punishDecision' , 'punishPerform' , 'applyEnforce' , 'closeCase')) and (endorsebus1_.ROLE_CODE in ('ROLE_0005' , 'ROLE_0004' , 'ROLE_0002' , 'ROLE_0003' , 'ROLE_0006') or endorsebus1_.ASSIGN_USER='07991c24311f4e8b835afacd15c0e891')) and caseinfo0_.c_create_unit_code='0010002' and (caseinfo0_.c_belond_depart_code like '001000200080008%')\G

# Query 4: 0 QPS, 0x concurrency, ID 0x4670C91E56AB283CB71A1498B47F2EC5 at byte 1977110
# This item is included in the report because it matches --limit.
# Scores: V/M = 0.00
# Time range: all events occurred at 2019-07-26 15:35:26
# Attribute    pct   total     min     max     avg     95%  stddev  median
# ============ === ======= ======= ======= ======= ======= ======= =======
# Count          0       1
# Exec time      4     29s     29s     29s     29s     29s       0     29s
# Lock time      0       0       0       0       0       0       0       0
# Rows sent      1  10.38k  10.38k  10.38k  10.38k  10.38k       0  10.38k
# Rows examine   0  10.38k  10.38k  10.38k  10.38k  10.38k       0  10.38k
# Query size     0      28      28      28      28      28       0      28
# String:
# Databases    cemis-qj
# Hosts        localhost
# Users        root
# Query_time distribution
#   1us
#  10us
# 100us
#   1ms
#  10ms
# 100ms
#    1s
#  10s+  ################################################################
# Tables
#    SHOW TABLE STATUS FROM `cemis-qj` LIKE 'gg_zft_login'\G
#    SHOW CREATE TABLE `cemis-qj`.`gg_zft_login`\G
# EXPLAIN /*!50100 PARTITIONS*/
SELECT * FROM `gg_zft_login`\G

# Query 5: 0 QPS, 0x concurrency, ID 0x3AA4E8775D2AF2BE434FFFC08471E99D at byte 1875696
# This item is included in the report because it matches --limit.
# Scores: V/M = 0.00
# Time range: all events occurred at 2019-07-26 15:34:08
# Attribute    pct   total     min     max     avg     95%  stddev  median
# ============ === ======= ======= ======= ======= ======= ======= =======
# Count          0       1
# Exec time      1     13s     13s     13s     13s     13s       0     13s
# Lock time      0       0       0       0       0       0       0       0
# Rows sent      0   6.73k   6.73k   6.73k   6.73k   6.73k       0   6.73k
# Rows examine   0   6.73k   6.73k   6.73k   6.73k   6.73k       0   6.73k
# Query size     0      38      38      38      38      38       0      38
# String:
# Databases    cemis-qj
# Hosts        localhost
# Users        root
# Query_time distribution
#   1us
#  10us
# 100us
#   1ms
#  10ms
# 100ms
#    1s
#  10s+  ################################################################
# Tables
#    SHOW TABLE STATUS FROM `cemis-qj` LIKE 'app_permission_account'\G
#    SHOW CREATE TABLE `cemis-qj`.`app_permission_account`\G
# EXPLAIN /*!50100 PARTITIONS*/
SELECT * FROM `app_permission_account`\G

# Query 6: 0.85 QPS, 0.04x concurrency, ID 0x83A81E68FE6CCB29329B3D8C6F2DD7B9 at byte 1823567
# This item is included in the report because it matches --limit.
# Scores: V/M = 0.00
# Time range: 2019-07-26 15:32:49 to 15:38:20
# Attribute    pct   total     min     max     avg     95%  stddev  median
# ============ === ======= ======= ======= ======= ======= ======= =======
# Count          1     281
# Exec time      1     12s    38ms    60ms    42ms    46ms     2ms    40ms
# Lock time     10   347ms       0     3ms     1ms     1ms   687us     1ms
# Rows sent      0       0       0       0       0       0       0       0
# Rows examine   0     281       1       1       1       1       0       1
# Query size     0 121.48k     431     462  442.69  441.81   10.38  441.81
# String:
# Databases    cemis-qj
# Hosts        localhost
# Users        root
# Query_time distribution
#   1us
#  10us
# 100us
#   1ms
#  10ms  ################################################################
# 100ms
#    1s
#  10s+
# Tables
#    SHOW TABLE STATUS FROM `information_schema` LIKE 'PARTITIONS'\G
#    SHOW CREATE TABLE `information_schema`.`PARTITIONS`\G
# EXPLAIN /*!50100 PARTITIONS*/
SELECT TABLE_NAME, PARTITION_NAME, SUBPARTITION_NAME, PARTITION_METHOD, SUBPARTITION_METHOD, PARTITION_EXPRESSION, SUBPARTITION_EXPRESSION, PARTITION_DESCRIPTION, PARTITION_COMMENT, NODEGROUP, TABLESPACE_NAME FROM information_schema.PARTITIONS WHERE TABLE_SCHEMA LIKE 'cemis-qj' AND NOT ISNULL(PARTITION_NAME) AND TABLE_NAME LIKE 'act_hi_attachment' ORDER BY TABLE_NAME, PARTITION_NAME, PARTITION_ORDINAL_POSITION, SUBPARTITION_ORDINAL_POSITION\G

# Query 7: 0 QPS, 0x concurrency, ID 0xF499FA76CE67ABE998FBD9831318DF93 at byte 1823344
# This item is included in the report because it matches --limit.
# Scores: V/M = 0.00
# Time range: all events occurred at 2019-07-26 15:33:00
# Attribute    pct   total     min     max     avg     95%  stddev  median
# ============ === ======= ======= ======= ======= ======= ======= =======
# Count          0       1
# Exec time      1     11s     11s     11s     11s     11s       0     11s
# Lock time      0       0       0       0       0       0       0       0
# Rows sent      0   3.67k   3.67k   3.67k   3.67k   3.67k       0   3.67k
# Rows examine   0   3.67k   3.67k   3.67k   3.67k   3.67k       0   3.67k
# Query size     0      30      30      30      30      30       0      30
# String:
# Databases    cemis-qj
# Hosts        localhost
# Users        root
# Query_time distribution
#   1us
#  10us
# 100us
#   1ms
#  10ms
# 100ms
#    1s
#  10s+  ################################################################
# Tables
#    SHOW TABLE STATUS FROM `cemis-qj` LIKE 'act_hi_actinst'\G
#    SHOW CREATE TABLE `cemis-qj`.`act_hi_actinst`\G
# EXPLAIN /*!50100 PARTITIONS*/
SELECT * FROM `act_hi_actinst`\G

# Query 8: 0.00 QPS, 0.00x concurrency, ID 0xD1A991288CE6A05F259A0ACE65119E0D at byte 22927659
# This item is included in the report because it matches --limit.
# Scores: V/M = 3.80
# Time range: 2019-07-26 14:25:36 to 2019-07-31 21:59:10
# Attribute    pct   total     min     max     avg     95%  stddev  median
# ============ === ======= ======= ======= ======= ======= ======= =======
# Count          0      38
# Exec time      1     10s    78ms      7s   264ms   122ms      1s    82ms
# Lock time      0     4ms       0     1ms   115us     1ms   387us       0
# Rows sent      0      92       0      74    2.42    1.96   11.79       0
# Rows examine  12   1.68M  45.29k  45.63k  45.34k  44.45k       0  44.45k
# Query size     0  19.04k     513     513     513     513       0     513
# String:
# Databases    shuangliuzhzf
# Hosts        localhost
# Users        root
# Query_time distribution
#   1us
#  10us
# 100us
#   1ms
#  10ms  ################################################################
# 100ms  #####
#    1s  #
#  10s+
# Tables
#    SHOW TABLE STATUS FROM `shuangliuzhzf` LIKE 'APN_NOTIFICATION'\G
#    SHOW CREATE TABLE `shuangliuzhzf`.`APN_NOTIFICATION`\G
# EXPLAIN /*!50100 PARTITIONS*/
select this_.ID as ID1_0_0_, this_.USER_NAME as USER_NAM2_0_0_, this_.CLIENT_IP as CLIENT_I3_0_0_, this_.RESOURCE as RESOURCE4_0_0_, this_.MESSAGE_ID as MESSAGE_5_0_0_, this_.API_KEY as API_KEY6_0_0_, this_.TITLE as TITLE7_0_0_, this_.MESSAGE as MESSAGE8_0_0_, this_.URI as URI9_0_0_, this_.STATUS as STATUS10_0_0_, this_.CREATE_TIME as CREATE_11_0_0_, this_.UPDATE_TIME as UPDATE_12_0_0_, this_.MESSAGE_TYPE as MESSAGE13_0_0_ from APN_NOTIFICATION this_ where (this_.USER_NAME='18187457333' and this_.STATUS='0')\G

# Query 9: 0 QPS, 0x concurrency, ID 0x320D8764B22A1F3DCBD633D8A0C8E717 at byte 2046441
# This item is included in the report because it matches --limit.
# Scores: V/M = 0.00
# Time range: all events occurred at 2019-07-26 15:36:17
# Attribute    pct   total     min     max     avg     95%  stddev  median
# ============ === ======= ======= ======= ======= ======= ======= =======
# Count          0       1
# Exec time      1      8s      8s      8s      8s      8s       0      8s
# Lock time      0       0       0       0       0       0       0       0
# Rows sent      0   2.89k   2.89k   2.89k   2.89k   2.89k       0   2.89k
# Rows examine   0   2.89k   2.89k   2.89k   2.89k   2.89k       0   2.89k
# Query size     0      25      25      25      25      25       0      25
# String:
# Databases    cemis-qj
# Hosts        localhost
# Users        root
# Query_time distribution
#   1us
#  10us
# 100us
#   1ms
#  10ms
# 100ms
#    1s  ################################################################
#  10s+
# Tables
#    SHOW TABLE STATUS FROM `cemis-qj` LIKE 'svm_locus'\G
#    SHOW CREATE TABLE `cemis-qj`.`svm_locus`\G
# EXPLAIN /*!50100 PARTITIONS*/
SELECT * FROM `svm_locus`\G

# Query 10: 0 QPS, 0x concurrency, ID 0x02A599F39C3B3F3C667BCB733F53DDFB at byte 1913434
# This item is included in the report because it matches --limit.
# Scores: V/M = 0.00
# Time range: all events occurred at 2019-07-26 15:34:29
# Attribute    pct   total     min     max     avg     95%  stddev  median
# ============ === ======= ======= ======= ======= ======= ======= =======
# Count          0       1
# Exec time      1      8s      8s      8s      8s      8s       0      8s
# Lock time      0       0       0       0       0       0       0       0
# Rows sent      0   2.98k   2.98k   2.98k   2.98k   2.98k       0   2.98k
# Rows examine   0   2.98k   2.98k   2.98k   2.98k   2.98k       0   2.98k
# Query size     0      33      33      33      33      33       0      33
# String:
# Databases    cemis-qj
# Hosts        localhost
# Users        root
# Query_time distribution
#   1us
#  10us
# 100us
#   1ms
#  10ms
# 100ms
#    1s  ################################################################
#  10s+
# Tables
#    SHOW TABLE STATUS FROM `cemis-qj` LIKE 'aw_endorse_record'\G
#    SHOW CREATE TABLE `cemis-qj`.`aw_endorse_record`\G
# EXPLAIN /*!50100 PARTITIONS*/
SELECT * FROM `aw_endorse_record`\G

# Query 11: 0.00 QPS, 0.00x concurrency, ID 0x881A7A4E76B154B0EAE59B64FACACC55 at byte 18082918
# This item is included in the report because it matches --limit.
# Scores: V/M = 0.00
# Time range: 2019-07-26 14:43:35 to 2019-08-01 09:04:19
# Attribute    pct   total     min     max     avg     95%  stddev  median
# ============ === ======= ======= ======= ======= ======= ======= =======
# Count          8    1934
# Exec time      1      8s     1ms   127ms     4ms     6ms     3ms     3ms
# Lock time      2    78ms       0     1ms    40us       0   234us       0
# Rows sent     12  93.57k      28      65   49.54   62.76    7.63   49.17
# Rows examine  10   1.40M     664   1.05k  756.54   1.04k  113.70  685.39
# Query size     3 727.14k     385     385     385     385       0     385
# String:
# Databases    libowenv3 (1236/63%), cemis-qj (453/23%)... 1 more
# Hosts        192.168.0.75 (1481/76%), localhost (453/23%)
# Users        root
# Query_time distribution
#   1us
#  10us
# 100us
#   1ms  ################################################################
#  10ms  #
# 100ms  #
#    1s
#  10s+
# Tables
#    SHOW TABLE STATUS FROM `cemis-qj` LIKE 'sys_menu'\G
#    SHOW CREATE TABLE `cemis-qj`.`sys_menu`\G
#    SHOW TABLE STATUS FROM `cemis-qj` LIKE 'sys_role_menu'\G
#    SHOW CREATE TABLE `cemis-qj`.`sys_role_menu`\G
#    SHOW TABLE STATUS FROM `cemis-qj` LIKE 'roles'\G
#    SHOW CREATE TABLE `cemis-qj`.`roles`\G
#    SHOW TABLE STATUS FROM `cemis-qj` LIKE 'user_role'\G
#    SHOW CREATE TABLE `cemis-qj`.`user_role`\G
#    SHOW TABLE STATUS FROM `cemis-qj` LIKE 'users'\G
#    SHOW CREATE TABLE `cemis-qj`.`users`\G
# EXPLAIN /*!50100 PARTITIONS*/
select DISTINCT a.id,a.href,a.name,a.parent_id,a.parent_ids,a.sort,a.icon,a.permission,a.i_id,a.i_value from sys_menu a LEFT JOIN sys_menu p on p.id=a.parent_id join sys_role_menu rm on rm.menu_id=a.id join roles r on r.id = rm.role_id join user_role ur on ur.role_id=r.id join users u on u.id=ur.user_id and u.id='A866BFAAC0A801C75C8834F41D734E19' where a.del_flag='0' order by a.sort\G

# Query 12: 0 QPS, 0x concurrency, ID 0xBDA1FDF0B76708020FA52C1D16D63BB3 at byte 1981391
# This item is included in the report because it matches --limit.
# Scores: V/M = 0.00
# Time range: all events occurred at 2019-07-26 15:35:36
# Attribute    pct   total     min     max     avg     95%  stddev  median
# ============ === ======= ======= ======= ======= ======= ======= =======
# Count          0       1
# Exec time      1      8s      8s      8s      8s      8s       0      8s
# Lock time      0       0       0       0       0       0       0       0
# Rows sent      0   2.73k   2.73k   2.73k   2.73k   2.73k       0   2.73k
# Rows examine   0   2.73k   2.73k   2.73k   2.73k   2.73k       0   2.73k
# Query size     0      28      28      28      28      28       0      28
# String:
# Databases    cemis-qj
# Hosts        localhost
# Users        root
# Query_time distribution
#   1us
#  10us
# 100us
#   1ms
#  10ms
# 100ms
#    1s  ################################################################
#  10s+
# Tables
#    SHOW TABLE STATUS FROM `cemis-qj` LIKE 'history_task'\G
#    SHOW CREATE TABLE `cemis-qj`.`history_task`\G
# EXPLAIN /*!50100 PARTITIONS*/
SELECT * FROM `history_task`\G

# Query 13: 0.01 QPS, 0.00x concurrency, ID 0x7F9EF75023A0F84FAC3F255EAF99AEC6 at byte 18475265
# This item is included in the report because it matches --limit.
# Scores: V/M = 0.00
# Time range: 2019-07-31 13:22:12 to 16:44:28
# Attribute    pct   total     min     max     avg     95%  stddev  median
# ============ === ======= ======= ======= ======= ======= ======= =======
# Count          0     124
# Exec time      1      8s    56ms   108ms    61ms    61ms     4ms    61ms
# Lock time      0     4ms       0     1ms    35us       0   220us       0
# Rows sent      0     842       5       8    6.79    7.70    1.34    7.70
# Rows examine   0  29.48k     239     245  243.42  234.30       0  234.30
# Query size     1 199.24k   1.56k   1.61k   1.61k   1.61k   24.86   1.61k
# String:
# Databases    libowen
# Hosts        192.168.0.75
# Users        root
# Query_time distribution
#   1us
#  10us
# 100us
#   1ms
#  10ms  ################################################################
# 100ms  #
#    1s
#  10s+
# Tables
#    SHOW TABLE STATUS FROM `libowen` LIKE 'AH_CASE_INFO'\G
#    SHOW CREATE TABLE `libowen`.`AH_CASE_INFO`\G
#    SHOW TABLE STATUS FROM `libowen` LIKE 'AW_ENDORSE_BUSINESS'\G
#    SHOW CREATE TABLE `libowen`.`AW_ENDORSE_BUSINESS`\G
# EXPLAIN /*!50100 PARTITIONS*/
select distinct caseinfo0_.ID as col_0_0_, caseinfo0_.CODE as col_1_0_, caseinfo0_.CASE_SOURCE as col_2_0_, caseinfo0_.ACTION_CAUSE as col_3_0_, caseinfo0_.ACCEPT_TIME as col_4_0_, caseinfo0_.NAME as col_5_0_, caseinfo0_.CASE_DOMAIN as col_6_0_, caseinfo0_.CASE_STATUS as col_7_0_, caseinfo0_.CASE_NAME as col_8_0_, caseinfo0_.LITIGANT as col_9_0_, caseinfo0_.UNIT_NAME as col_10_0_ from AH_CASE_INFO caseinfo0_ cross join AW_ENDORSE_BUSINESS endorsebus1_ where 1=1 and (caseinfo0_.ID=endorsebus1_.BUSINESS_ID or caseinfo0_.INNER_NODE_ID is null) and caseinfo0_.DEL_FLAG='0' and (1=1 and (caseinfo0_.INNER_NODE_ID is null) or (endorsebus1_.NODE_CODE in ('caseAccept' , 'registerCase' , 'turnCase' , 'notRegisterCase' , 'investigation' , 'punishNotify' , 'presentArgue' , 'applyHearing' , 'approvalHearing' , 'noticeHearing' , 'holdHearing' , 'punishDecision' , 'punishPerform' , 'applyEnforce' , 'closeCase')) and ((endorsebus1_.ROLE_CODE in ('js04' , 'AJFZYG' , '0999' , 'BAJS' , '991' , '00001' , 'AJSLG' , 'AJFZRG' , 'js01' , 'AJZFRYG')) and (caseinfo0_.CREATE_UNIT_ID in ('5a003d348c0845a1a1d757bd06c2786e' , '001')) and (endorsebus1_.OPERATOR_NUM=0 or caseinfo0_.c_case_agent_code is null or caseinfo0_.c_case_agent_code='') or endorsebus1_.ASSIGN_USER='ECBE2865C0A8006714F67389603C2497' or endorsebus1_.OPERATOR_NUM>0 and (caseinfo0_.c_case_agent_code like '%demo1%') and (endorsebus1_.ROLE_CODE in ('js04' , 'AJFZYG' , '0999' , 'BAJS' , '991' , '00001' , 'AJSLG' , 'AJFZRG' , 'js01' , 'AJZFRYG')) and (caseinfo0_.CREATE_UNIT_ID in ('5a003d348c0845a1a1d757bd06c2786e' , '001')))) order by caseinfo0_.UPDATE_DATE desc, caseinfo0_.CODE asc limit 5\G

# Query 14: 0 QPS, 0x concurrency, ID 0x1DED283C636909623D8BB984F51EFCE6 at byte 1847372
# This item is included in the report because it matches --limit.
# Scores: V/M = 0.00
# Time range: all events occurred at 2019-07-26 15:33:40
# Attribute    pct   total     min     max     avg     95%  stddev  median
# ============ === ======= ======= ======= ======= ======= ======= =======
# Count          0       1
# Exec time      0      6s      6s      6s      6s      6s       0      6s
# Lock time      0       0       0       0       0       0       0       0
# Rows sent      0   2.33k   2.33k   2.33k   2.33k   2.33k       0   2.33k
# Rows examine   0   2.33k   2.33k   2.33k   2.33k   2.33k       0   2.33k
# Query size     0      35      35      35      35      35       0      35
# String:
# Databases    cemis-qj
# Hosts        localhost
# Users        root
# Query_time distribution
#   1us
#  10us
# 100us
#   1ms
#  10ms
# 100ms
#    1s  ################################################################
#  10s+
# Tables
#    SHOW TABLE STATUS FROM `cemis-qj` LIKE 'administration_data'\G
#    SHOW CREATE TABLE `cemis-qj`.`administration_data`\G
# EXPLAIN /*!50100 PARTITIONS*/
SELECT * FROM `administration_data`\G

# Query 15: 0.00 QPS, 0.00x concurrency, ID 0xE3C753C2F267B2D767A347A2812914DF at byte 3589642
# This item is included in the report because it matches --limit.
# Scores: V/M = 0.34
# Time range: 2019-07-27 13:34:54 to 2019-07-31 13:32:58
# Attribute    pct   total     min     max     avg     95%  stddev  median
# ============ === ======= ======= ======= ======= ======= ======= =======
# Count          1     240
# Exec time      0      4s       0   735ms    18ms   122ms    77ms       0
# Lock time      0       0       0       0       0       0       0       0
# Rows sent     56 422.68k       0  70.95k   1.76k   5.45k   9.10k       0
# Rows examine   3 422.68k       0  70.95k   1.76k   5.45k   9.10k       0
# Query size     0  12.86k      45      76   54.87   59.77    4.78   54.21
# String:
# Databases    curor
# Hosts        localhost
# Users        root
# Query_time distribution
#   1us
#  10us
# 100us
#   1ms  ################################################################
#  10ms  #######
# 100ms  ###########
#    1s
#  10s+
# Tables
#    SHOW TABLE STATUS FROM `curor` LIKE 'sys_user_menu'\G
#    SHOW CREATE TABLE `curor`.`sys_user_menu`\G
SELECT /*!40001 SQL_NO_CACHE */ * FROM `sys_user_menu`\G
# Converted for EXPLAIN
# EXPLAIN /*!50100 PARTITIONS*/
SELECT /*!40001 SQL_NO_CACHE */ * FROM `sys_user_menu`\G

# Query 16: 0 QPS, 0x concurrency, ID 0x748E418E684C0F73C432849B238722DE at byte 1831071
# This item is included in the report because it matches --limit.
# Scores: V/M = 0.00
# Time range: all events occurred at 2019-07-26 15:33:17
# Attribute    pct   total     min     max     avg     95%  stddev  median
# ============ === ======= ======= ======= ======= ======= ======= =======
# Count          0       1
# Exec time      0      4s      4s      4s      4s      4s       0      4s
# Lock time      0       0       0       0       0       0       0       0
# Rows sent      0   1.45k   1.45k   1.45k   1.45k   1.45k       0   1.45k
# Rows examine   0   1.45k   1.45k   1.45k   1.45k   1.45k       0   1.45k
# Query size     0      30      30      30      30      30       0      30
# String:
# Databases    cemis-qj
# Hosts        localhost
# Users        root
# Query_time distribution
#   1us
#  10us
# 100us
#   1ms
#  10ms
# 100ms
#    1s  ################################################################
#  10s+
# Tables
#    SHOW TABLE STATUS FROM `cemis-qj` LIKE 'act_hi_varinst'\G
#    SHOW CREATE TABLE `cemis-qj`.`act_hi_varinst`\G
# EXPLAIN /*!50100 PARTITIONS*/
SELECT * FROM `act_hi_varinst`\G

# Query 17: 0.00 QPS, 0.00x concurrency, ID 0xB08C56CFB37CCAFAD211B9DD5D83E663 at byte 9915936
# This item is included in the report because it matches --limit.
# Scores: V/M = 0.00
# Time range: 2019-07-29 14:11:24 to 2019-07-31 21:59:11
# Attribute    pct   total     min     max     avg     95%  stddev  median
# ============ === ======= ======= ======= ======= ======= ======= =======
# Count          0      96
# Exec time      0      4s    28ms    45ms    40ms    42ms     2ms    38ms
# Lock time      0     6ms       0     1ms    61us       0   286us       0
# Rows sent      0     844       1      15    8.79   14.52    3.15    7.70
# Rows examine  32   4.25M  45.31k  45.65k  45.38k  44.45k    0.00  44.45k
# Query size     0  62.70k     658     671  668.79  652.75       0  652.75
# String:
# Databases    shuangliuzhzf
# Hosts        localhost
# Users        root
# Query_time distribution
#   1us
#  10us
# 100us
#   1ms
#  10ms  ################################################################
# 100ms
#    1s
#  10s+
# Tables
#    SHOW TABLE STATUS FROM `shuangliuzhzf` LIKE 'APN_NOTIFICATION'\G
#    SHOW CREATE TABLE `shuangliuzhzf`.`APN_NOTIFICATION`\G
# EXPLAIN /*!50100 PARTITIONS*/
select notificati0_.ID as ID1_0_, notificati0_.USER_NAME as USER_NAM2_0_, notificati0_.CLIENT_IP as CLIENT_I3_0_, notificati0_.RESOURCE as RESOURCE4_0_, notificati0_.MESSAGE_ID as MESSAGE_5_0_, notificati0_.API_KEY as API_KEY6_0_, notificati0_.TITLE as TITLE7_0_, notificati0_.MESSAGE as MESSAGE8_0_, notificati0_.URI as URI9_0_, notificati0_.STATUS as STATUS10_0_, notificati0_.CREATE_TIME as CREATE_11_0_, notificati0_.UPDATE_TIME as UPDATE_12_0_, notificati0_.MESSAGE_TYPE as MESSAGE13_0_ from APN_NOTIFICATION notificati0_ where notificati0_.USER_NAME='18388587934' and notificati0_.MESSAGE_ID='88692B95C0A800CE17356F67089CB52A' order by notificati0_.CREATE_TIME desc\G

# Query 18: 0.00 QPS, 0.00x concurrency, ID 0xC21C5521312DCF782EA10AB578F5D662 at byte 1337010
# This item is included in the report because it matches --limit.
# Scores: V/M = 0.09
# Time range: 2019-07-26 14:45:33 to 2019-07-31 17:56:52
# Attribute    pct   total     min     max     avg     95%  stddev  median
# ============ === ======= ======= ======= ======= ======= ======= =======
# Count          3     794
# Exec time      0      4s       0   290ms     5ms     7ms    20ms     1ms
# Lock time      4   158ms       0     1ms   199us     1ms   492us       0
# Rows sent      3  24.98k       4      83   32.22   69.19   14.45   30.19
# Rows examine   0 124.92k      20     415  161.11  346.17   72.28  151.03
# Query size    13   2.53M   3.26k   3.26k   3.26k   3.26k       0   3.26k
# String:
# Databases    cemis-qj (519/65%), libowen (275/34%)
# Hosts        localhost (519/65%), 192.168.0.75 (275/34%)
# Users        root
# Query_time distribution
#   1us
#  10us
# 100us
#   1ms  ################################################################
#  10ms  #
# 100ms  #
#    1s
#  10s+
# Tables
#    SHOW TABLE STATUS FROM `cemis-qj` LIKE 'APP_ROLE_RESOURCE'\G
#    SHOW CREATE TABLE `cemis-qj`.`APP_ROLE_RESOURCE`\G
#    SHOW TABLE STATUS FROM `cemis-qj` LIKE 'RESOURCES'\G
#    SHOW CREATE TABLE `cemis-qj`.`RESOURCES`\G
#    SHOW TABLE STATUS FROM `cemis-qj` LIKE 'APP_SYSTEM'\G
#    SHOW CREATE TABLE `cemis-qj`.`APP_SYSTEM`\G
#    SHOW TABLE STATUS FROM `cemis-qj` LIKE 'sys_menu'\G
#    SHOW CREATE TABLE `cemis-qj`.`sys_menu`\G
#    SHOW TABLE STATUS FROM `cemis-qj` LIKE 'APP_UNIT_RESOURCE'\G
#    SHOW CREATE TABLE `cemis-qj`.`APP_UNIT_RESOURCE`\G
#    SHOW TABLE STATUS FROM `cemis-qj` LIKE 'UNIT'\G
#    SHOW CREATE TABLE `cemis-qj`.`UNIT`\G
# EXPLAIN /*!50100 PARTITIONS*/
select resources0_.ROLE_ID as ROLE_ID4_122_0_, resources0_.ID as ID1_27_0_, resources0_.ID as ID1_27_1_, resources0_.RESOURCE_ID as RESOURCE3_27_1_, resources0_.ROLE_ID as ROLE_ID4_27_1_, resources0_.UNIT_RESOURCE_ID as UNIT_RES5_27_1_, resources0_.VERSION as VERSION2_27_1_, resource1_.ID as ID1_120_2_, resource1_.SYSTEM_ID as SYSTEM_12_120_2_, resource1_.DESCRIPTION as DESCRIPT2_120_2_, resource1_.IMAGE_PATH as IMAGE_PA3_120_2_, resource1_.IS_SHOW as IS_SHOW4_120_2_, resource1_.MENU_ID as MENU_ID13_120_2_, resource1_.NAME as NAME5_120_2_, resource1_.PRIORITY as PRIORITY6_120_2_, resource1_.REDIRECT_URL as REDIRECT7_120_2_, resource1_.RESOURCE_CODE as RESOURCE8_120_2_, resource1_.RESOURCE_TYPE as RESOURCE9_120_2_, resource1_.RESOURCE_URL as RESOURC10_120_2_, resource1_.VERSION as VERSION11_120_2_, appsystem2_.ID as ID1_30_3_, appsystem2_.IMG_PATH as IMG_PATH2_30_3_, appsystem2_.NAME as NAME3_30_3_, appsystem2_.PRIORITY as PRIORITY4_30_3_, appsystem2_.VERSION as VERSION5_30_3_, menu3_.ID as ID1_214_4_, menu3_.create_by as create_18_214_4_, menu3_.CREATE_DATE as CREATE_D2_214_4_, menu3_.CREATE_UNIT_ID as CREATE_U3_214_4_, menu3_.CREATE_UNIT_NAME as CREATE_U4_214_4_, menu3_.DEL_FLAG as DEL_FLAG5_214_4_, menu3_.update_by as update_19_214_4_, menu3_.UPDATE_DATE as UPDATE_D6_214_4_, menu3_.href as href7_214_4_, menu3_.i_value as i_value8_214_4_, menu3_.icon as icon9_214_4_, menu3_.i_id as i_id10_214_4_, menu3_.is_show as is_show11_214_4_, menu3_.name as name12_214_4_, menu3_.parent_id as parent_13_214_4_, menu3_.parent_ids as parent_14_214_4_, menu3_.permission as permiss15_214_4_, menu3_.sort as sort16_214_4_, menu3_.target as target17_214_4_, appunitres4_.ID as ID1_31_5_, appunitres4_.RESOURCE_ID as RESOURCE3_31_5_, appunitres4_.UNIT_CODE as UNIT_COD4_31_5_, appunitres4_.VERSION as VERSION2_31_5_, resource5_.ID as ID1_120_6_, resource5_.SYSTEM_ID as SYSTEM_12_120_6_, resource5_.DESCRIPTION as DESCRIPT2_120_6_, resource5_.IMAGE_PATH as IMAGE_PA3_120_6_, resource5_.IS_SHOW as IS_SHOW4_120_6_, resource5_.MENU_ID as MENU_ID13_120_6_, resource5_.NAME as NAME5_120_6_, resource5_.PRIORITY as PRIORITY6_120_6_, resource5_.REDIRECT_URL as REDIRECT7_120_6_, resource5_.RESOURCE_CODE as RESOURCE8_120_6_, resource5_.RESOURCE_TYPE as RESOURCE9_120_6_, resource5_.RESOURCE_URL as RESOURC10_120_6_, resource5_.VERSION as VERSION11_120_6_, unit6_.CODE as CODE1_159_7_, unit6_.AFF_UNIT_ID as AFF_UNI10_159_7_, unit6_.ASSORT_CODE as ASSORT_11_159_7_, unit6_.ENABLED as ENABLED2_159_7_, unit6_.UNIT_FULL_NAME as UNIT_FUL3_159_7_, unit6_.IDENTY_CODE as IDENTY_C4_159_7_, unit6_.NAME as NAME5_159_7_, unit6_.ORDER_ID as ORDER_ID6_159_7_, unit6_.PARENT_ID as PARENT_12_159_7_, unit6_.REMARK as REMARK7_159_7_, unit6_.TYPE as TYPE8_159_7_, unit6_.VERSION as VERSION9_159_7_ from APP_ROLE_RESOURCE resources0_ left outer join RESOURCES resource1_ on resources0_.RESOURCE_ID=resource1_.ID left outer join APP_SYSTEM appsystem2_ on resource1_.SYSTEM_ID=appsystem2_.ID left outer join sys_menu menu3_ on resource1_.MENU_ID=menu3_.ID left outer join APP_UNIT_RESOURCE appunitres4_ on resources0_.UNIT_RESOURCE_ID=appunitres4_.ID left outer join RESOURCES resource5_ on appunitres4_.RESOURCE_ID=resource5_.ID left outer join UNIT unit6_ on appunitres4_.UNIT_CODE=unit6_.CODE where resources0_.ROLE_ID='da97fbba214f4f67b1b6783c2b495722'\G

# Query 19: 0 QPS, 0x concurrency, ID 0x0DFB28998E3F83AA40F734A81F843B48 at byte 1829951
# This item is included in the report because it matches --limit.
# Scores: V/M = 0.00
# Time range: all events occurred at 2019-07-26 15:33:12
# Attribute    pct   total     min     max     avg     95%  stddev  median
# ============ === ======= ======= ======= ======= ======= ======= =======
# Count          0       1
# Exec time      0      3s      3s      3s      3s      3s       0      3s
# Lock time      0       0       0       0       0       0       0       0
# Rows sent      0   1.34k   1.34k   1.34k   1.34k   1.34k       0   1.34k
# Rows examine   0   1.34k   1.34k   1.34k   1.34k   1.34k       0   1.34k
# Query size     0      31      31      31      31      31       0      31
# String:
# Databases    cemis-qj
# Hosts        localhost
# Users        root
# Query_time distribution
#   1us
#  10us
# 100us
#   1ms
#  10ms
# 100ms
#    1s  ################################################################
#  10s+
# Tables
#    SHOW TABLE STATUS FROM `cemis-qj` LIKE 'act_hi_taskinst'\G
#    SHOW CREATE TABLE `cemis-qj`.`act_hi_taskinst`\G
# EXPLAIN /*!50100 PARTITIONS*/
SELECT * FROM `act_hi_taskinst`\G

# Query 20: 0 QPS, 0x concurrency, ID 0x4314471533FDE00A2FB695DC69E83DB7 at byte 1846242
# This item is included in the report because it matches --limit.
# Scores: V/M = 0.00
# Time range: all events occurred at 2019-07-26 15:33:33
# Attribute    pct   total     min     max     avg     95%  stddev  median
# ============ === ======= ======= ======= ======= ======= ======= =======
# Count          0       1
# Exec time      0      3s      3s      3s      3s      3s       0      3s
# Lock time      0     1ms     1ms     1ms     1ms     1ms       0     1ms
# Rows sent      0   1.27k   1.27k   1.27k   1.27k   1.27k       0   1.27k
# Rows examine   0   1.27k   1.27k   1.27k   1.27k   1.27k       0   1.27k
# Query size     0      31      31      31      31      31       0      31
# String:
# Databases    cemis-qj
# Hosts        localhost
# Users        root
# Query_time distribution
#   1us
#  10us
# 100us
#   1ms
#  10ms
# 100ms
#    1s  ################################################################
#  10s+
# Tables
#    SHOW TABLE STATUS FROM `cemis-qj` LIKE 'act_ru_variable'\G
#    SHOW CREATE TABLE `cemis-qj`.`act_ru_variable`\G
# EXPLAIN /*!50100 PARTITIONS*/
SELECT * FROM `act_ru_variable`\G

